<?xml version="1.0" encoding="UTF-8"?>
<!-- Generated by org.testng.reporters.JUnitReportReporter -->
<testsuite hostname="QSP" failures="0" tests="2" name="Assingments.TestCase" time="8.912" errors="0" timestamp="2024-03-05T15:35:16 IST" skipped="1">
  <testcase classname="Assingments.TestCase" name="nike" time="8.912"/>
  <testcase classname="Assingments.TestCase" name="dws">
    <skipped/>
  </testcase> <!-- dws -->
</testsuite> <!-- Assingments.TestCase -->
